[ 2022-05-18T09:02:17+08:00 ] 192.168.3.31 /Home/SaleContract
INFO: [ app_init ] --START--
INFO: Run Behavior\BuildLiteBehavior [ RunTime:0.000011s ]
INFO: [ app_init ] --END-- [ RunTime:0.000314s ]
INFO: [ app_begin ] --START--
INFO: Run Behavior\ReadHtmlCacheBehavior [ RunTime:0.000339s ]
INFO: [ app_begin ] --END-- [ RunTime:0.000379s ]

[ 2022-05-18T09:02:17+08:00 ] 192.168.3.31 /Home/User/login?returnPage=/Home/SaleContract/index
INFO: [ app_init ] --START--
INFO: Run Behavior\BuildLiteBehavior [ RunTime:0.000009s ]
INFO: [ app_init ] --END-- [ RunTime:0.000047s ]
INFO: [ app_begin ] --START--
INFO: Run Behavior\ReadHtmlCacheBehavior [ RunTime:0.000019s ]
INFO: [ app_begin ] --END-- [ RunTime:0.000042s ]
NOTIC: [8192] addslashes(): Passing null to parameter #1 ($string) of type string is deprecated /home/vagrant/Code/crm8000/web/ThinkPHP/Library/Think/Db/Driver.class.php 第 1015 行.
SQL: select value from t_config
            where id = '9002-01' and company_id = ''  [ RunTime:0.0141s ]
SQL: select value from t_config
              where id = '9002-01'  [ RunTime:0.0097s ]
NOTIC: [8192] addslashes(): Passing null to parameter #1 ($string) of type string is deprecated /home/vagrant/Code/crm8000/web/ThinkPHP/Library/Think/Db/Driver.class.php 第 1015 行.
SQL: select name from t_user where id = ''  [ RunTime:0.0120s ]
NOTIC: [8192] addslashes(): Passing null to parameter #1 ($string) of type string is deprecated /home/vagrant/Code/crm8000/web/ThinkPHP/Library/Think/Db/Driver.class.php 第 1015 行.
SQL: select value from t_config
            where id = '9002-01' and company_id = ''  [ RunTime:0.0097s ]
SQL: select value from t_config
              where id = '9002-01'  [ RunTime:0.0109s ]
NOTIC: [2] Undefined array key "IS_DEMO" /home/vagrant/Code/crm8000/web/Application/Home/Service/PSIBaseService.class.php 第 22 行.
INFO: [ view_parse ] --START--
INFO: [ template_filter ] --START--
INFO: Run Behavior\ContentReplaceBehavior [ RunTime:0.000033s ]
INFO: [ template_filter ] --END-- [ RunTime:0.000070s ]
INFO: Run Behavior\ParseTemplateBehavior [ RunTime:0.010143s ]
INFO: [ view_parse ] --END-- [ RunTime:0.010206s ]
INFO: [ view_filter ] --START--
INFO: Run Behavior\WriteHtmlCacheBehavior [ RunTime:0.000213s ]
INFO: [ view_filter ] --END-- [ RunTime:0.000238s ]
INFO: [ app_end ] --START--
INFO: Run Behavior\ShowPageTraceBehavior [ RunTime:0.000194s ]
INFO: [ app_end ] --END-- [ RunTime:0.000214s ]

[ 2022-05-18T09:02:20+08:00 ] 192.168.3.31 /Home/User/loginPOST
INFO: [ app_init ] --START--
INFO: Run Behavior\BuildLiteBehavior [ RunTime:0.000015s ]
INFO: [ app_init ] --END-- [ RunTime:0.001578s ]
INFO: [ app_begin ] --START--
INFO: Run Behavior\ReadHtmlCacheBehavior [ RunTime:0.000290s ]
INFO: [ app_begin ] --END-- [ RunTime:0.000323s ]
SQL: select id from t_user where login_name = 'admin' and password = '21232f297a57a5a743894a0e4a801fc3' and enabled = 1 [ RunTime:0.0096s ]
SQL: select enabled from t_user where id = '6C2A09CD-A129-11E4-9B6A-782BCBD7746B'  [ RunTime:0.0089s ]
SQL: select data_org from t_user where id = '6C2A09CD-A129-11E4-9B6A-782BCBD7746B'  [ RunTime:0.0096s ]
SQL: select org_id from t_user where id = '6C2A09CD-A129-11E4-9B6A-782BCBD7746B'  [ RunTime:0.0098s ]
SQL: select id, parent_id from t_org where id = '5EBDBE11-A129-11E4-9B6A-782BCBD7746B'  [ RunTime:0.0107s ]
SQL: select id, parent_id from t_org where id = '4D74E1E4-A129-11E4-9B6A-782BCBD7746B'  [ RunTime:0.0091s ]
SQL: insert into t_biz_log (user_id, info, ip, date_created, log_category, data_org,
              ip_from, company_id)
            values ('6C2A09CD-A129-11E4-9B6A-782BCBD7746B', '登录系统', '192.168.3.31',  now(), '系统', '01010001', '内网IP', '4D74E1E4-A129-11E4-9B6A-782BCBD7746B') [ RunTime:0.0126s ]

[ 2022-05-18T09:02:20+08:00 ] 192.168.3.31 /Home/SaleContract/index
INFO: [ app_init ] --START--
INFO: Run Behavior\BuildLiteBehavior [ RunTime:0.000009s ]
INFO: [ app_init ] --END-- [ RunTime:0.000095s ]
INFO: [ app_begin ] --START--
INFO: Run Behavior\ReadHtmlCacheBehavior [ RunTime:0.000020s ]
INFO: [ app_begin ] --END-- [ RunTime:0.000037s ]
SQL: select enabled from t_user where id = '6C2A09CD-A129-11E4-9B6A-782BCBD7746B'  [ RunTime:0.0124s ]
SQL: select count(*) as cnt
            from  t_role_user ru, t_role_permission rp, 
              (select * from t_permission union select * from t_permission_plus) p
            where ru.user_id = '6C2A09CD-A129-11E4-9B6A-782BCBD7746B' and ru.role_id = rp.role_id
              and rp.permission_id = p.id and p.fid = '2032'  [ RunTime:0.0187s ]
SQL: select org_id from t_user where id = '6C2A09CD-A129-11E4-9B6A-782BCBD7746B'  [ RunTime:0.0127s ]
SQL: select id, parent_id from t_org where id = '5EBDBE11-A129-11E4-9B6A-782BCBD7746B'  [ RunTime:0.0114s ]
SQL: select id, parent_id from t_org where id = '4D74E1E4-A129-11E4-9B6A-782BCBD7746B'  [ RunTime:0.0093s ]
SQL: select value from t_config
            where id = '9002-01' and company_id = '4D74E1E4-A129-11E4-9B6A-782BCBD7746B'  [ RunTime:0.0134s ]
SQL: select org_id from t_user where id = '6C2A09CD-A129-11E4-9B6A-782BCBD7746B'  [ RunTime:0.0095s ]
SQL: select id, parent_id from t_org where id = '5EBDBE11-A129-11E4-9B6A-782BCBD7746B'  [ RunTime:0.0094s ]
SQL: select id, parent_id from t_org where id = '4D74E1E4-A129-11E4-9B6A-782BCBD7746B'  [ RunTime:0.0089s ]
SQL: select value from t_config
            where id = '9002-02' and company_id = '4D74E1E4-A129-11E4-9B6A-782BCBD7746B'  [ RunTime:0.0091s ]
SQL: select org_id from t_user where id = '6C2A09CD-A129-11E4-9B6A-782BCBD7746B'  [ RunTime:0.0093s ]
SQL: select id, parent_id from t_org where id = '5EBDBE11-A129-11E4-9B6A-782BCBD7746B'  [ RunTime:0.0091s ]
SQL: select id, parent_id from t_org where id = '4D74E1E4-A129-11E4-9B6A-782BCBD7746B'  [ RunTime:0.0091s ]
SQL: select value from t_config
            where id = '9002-03' and company_id = '4D74E1E4-A129-11E4-9B6A-782BCBD7746B'  [ RunTime:0.0095s ]
SQL: select org_id from t_user where id = '6C2A09CD-A129-11E4-9B6A-782BCBD7746B'  [ RunTime:0.0089s ]
SQL: select id, parent_id from t_org where id = '5EBDBE11-A129-11E4-9B6A-782BCBD7746B'  [ RunTime:0.0093s ]
SQL: select id, parent_id from t_org where id = '4D74E1E4-A129-11E4-9B6A-782BCBD7746B'  [ RunTime:0.0087s ]
SQL: select value from t_config
            where id = '9002-04' and company_id = '4D74E1E4-A129-11E4-9B6A-782BCBD7746B'  [ RunTime:0.0084s ]
SQL: select name from t_user where id = '6C2A09CD-A129-11E4-9B6A-782BCBD7746B'  [ RunTime:0.0087s ]
SQL: select o.full_name
            from t_org o, t_user u
            where o.id = u.org_id and u.id = '6C2A09CD-A129-11E4-9B6A-782BCBD7746B'  [ RunTime:0.0086s ]
SQL: select enabled from t_user where id = '6C2A09CD-A129-11E4-9B6A-782BCBD7746B'  [ RunTime:0.0084s ]
SQL: select count(*) as cnt
            from  t_role_user ru, t_role_permission rp, 
              (select * from t_permission union select * from t_permission_plus) p
            where ru.user_id = '6C2A09CD-A129-11E4-9B6A-782BCBD7746B' and ru.role_id = rp.role_id
              and rp.permission_id = p.id and p.fid = '2032-04'  [ RunTime:0.0124s ]
SQL: select enabled from t_user where id = '6C2A09CD-A129-11E4-9B6A-782BCBD7746B'  [ RunTime:0.0089s ]
SQL: select count(*) as cnt
            from  t_role_user ru, t_role_permission rp, 
              (select * from t_permission union select * from t_permission_plus) p
            where ru.user_id = '6C2A09CD-A129-11E4-9B6A-782BCBD7746B' and ru.role_id = rp.role_id
              and rp.permission_id = p.id and p.fid = '2032-05'  [ RunTime:0.0125s ]
SQL: select enabled from t_user where id = '6C2A09CD-A129-11E4-9B6A-782BCBD7746B'  [ RunTime:0.0093s ]
SQL: select count(*) as cnt
            from  t_role_user ru, t_role_permission rp, 
              (select * from t_permission union select * from t_permission_plus) p
            where ru.user_id = '6C2A09CD-A129-11E4-9B6A-782BCBD7746B' and ru.role_id = rp.role_id
              and rp.permission_id = p.id and p.fid = '2032-01'  [ RunTime:0.0121s ]
SQL: select enabled from t_user where id = '6C2A09CD-A129-11E4-9B6A-782BCBD7746B'  [ RunTime:0.0090s ]
SQL: select count(*) as cnt
            from  t_role_user ru, t_role_permission rp, 
              (select * from t_permission union select * from t_permission_plus) p
            where ru.user_id = '6C2A09CD-A129-11E4-9B6A-782BCBD7746B' and ru.role_id = rp.role_id
              and rp.permission_id = p.id and p.fid = '2032-02'  [ RunTime:0.0122s ]
SQL: select enabled from t_user where id = '6C2A09CD-A129-11E4-9B6A-782BCBD7746B'  [ RunTime:0.0089s ]
SQL: select count(*) as cnt
            from  t_role_user ru, t_role_permission rp, 
              (select * from t_permission union select * from t_permission_plus) p
            where ru.user_id = '6C2A09CD-A129-11E4-9B6A-782BCBD7746B' and ru.role_id = rp.role_id
              and rp.permission_id = p.id and p.fid = '2032-03'  [ RunTime:0.0116s ]
SQL: select enabled from t_user where id = '6C2A09CD-A129-11E4-9B6A-782BCBD7746B'  [ RunTime:0.0084s ]
SQL: select count(*) as cnt
            from  t_role_user ru, t_role_permission rp, 
              (select * from t_permission union select * from t_permission_plus) p
            where ru.user_id = '6C2A09CD-A129-11E4-9B6A-782BCBD7746B' and ru.role_id = rp.role_id
              and rp.permission_id = p.id and p.fid = '2032-06'  [ RunTime:0.0117s ]
SQL: select enabled from t_user where id = '6C2A09CD-A129-11E4-9B6A-782BCBD7746B'  [ RunTime:0.0084s ]
SQL: select count(*) as cnt
            from  t_role_user ru, t_role_permission rp, 
              (select * from t_permission union select * from t_permission_plus) p
            where ru.user_id = '6C2A09CD-A129-11E4-9B6A-782BCBD7746B' and ru.role_id = rp.role_id
              and rp.permission_id = p.id and p.fid = '2032-07'  [ RunTime:0.0117s ]
SQL: select enabled from t_user where id = '6C2A09CD-A129-11E4-9B6A-782BCBD7746B'  [ RunTime:0.0085s ]
SQL: select count(*) as cnt
            from  t_role_user ru, t_role_permission rp, 
              (select * from t_permission union select * from t_permission_plus) p
            where ru.user_id = '6C2A09CD-A129-11E4-9B6A-782BCBD7746B' and ru.role_id = rp.role_id
              and rp.permission_id = p.id and p.fid = '1001-06'  [ RunTime:0.0117s ]
INFO: [ view_parse ] --START--
INFO: [ template_filter ] --START--
INFO: Run Behavior\ContentReplaceBehavior [ RunTime:0.000027s ]
INFO: [ template_filter ] --END-- [ RunTime:0.000134s ]
INFO: Run Behavior\ParseTemplateBehavior [ RunTime:0.009831s ]
INFO: [ view_parse ] --END-- [ RunTime:0.009957s ]
INFO: [ view_filter ] --START--
INFO: Run Behavior\WriteHtmlCacheBehavior [ RunTime:0.000430s ]
INFO: [ view_filter ] --END-- [ RunTime:0.000454s ]
INFO: [ app_end ] --START--
INFO: Run Behavior\ShowPageTraceBehavior [ RunTime:0.000285s ]
INFO: [ app_end ] --END-- [ RunTime:0.000310s ]

[ 2022-05-18T09:02:22+08:00 ] 192.168.3.31 /Home/MainMenu/mainMenuItems
INFO: [ app_init ] --START--
INFO: Run Behavior\BuildLiteBehavior [ RunTime:0.000021s ]
INFO: [ app_init ] --END-- [ RunTime:0.000258s ]
INFO: [ app_begin ] --START--
INFO: Run Behavior\ReadHtmlCacheBehavior [ RunTime:0.000046s ]
INFO: [ app_begin ] --END-- [ RunTime:0.000071s ]
SQL: select enabled from t_user where id = '6C2A09CD-A129-11E4-9B6A-782BCBD7746B'  [ RunTime:0.0103s ]
SQL:  select distinct f.fid, f.name, r.click_count 
				from t_recent_fid r,  
					(select * from t_fid union select * from t_fid_plus) f, 
					(select * from t_permission union select * from t_permission_plus) p, 
					t_role_permission rp, t_role_user ru
				where r.fid = f.fid and r.user_id = '6C2A09CD-A129-11E4-9B6A-782BCBD7746B' and r.fid = p.fid 
				and p.id = rp.permission_id and rp.role_id = ru.role_id 
				and ru.user_id = '6C2A09CD-A129-11E4-9B6A-782BCBD7746B' 
				order by r.click_count desc
				limit 10 [ RunTime:0.0400s ]
SQL: select id, caption, fid from (select * from t_menu_item
            where sys_category = 1 
            union 
            select * from t_menu_item_plus
            where sys_category = 1) m
					where parent_id is null order by show_order [ RunTime:0.0137s ]
SQL: select id, caption, fid from (select * from t_menu_item
            where sys_category = 1 
            union 
            select * from t_menu_item_plus
            where sys_category = 1) m
						where parent_id = '01' order by show_order  [ RunTime:0.0132s ]
SQL: select id, caption, fid from (select * from t_menu_item
            where sys_category = 1 
            union 
            select * from t_menu_item_plus
            where sys_category = 1) m
							where parent_id = '0101' order by show_order  [ RunTime:0.0123s ]
SQL: select enabled from t_user where id = '6C2A09CD-A129-11E4-9B6A-782BCBD7746B'  [ RunTime:0.0094s ]
SQL: select id, caption, fid from (select * from t_menu_item
            where sys_category = 1 
            union 
            select * from t_menu_item_plus
            where sys_category = 1) m
							where parent_id = '0102' order by show_order  [ RunTime:0.0113s ]
SQL: select enabled from t_user where id = '6C2A09CD-A129-11E4-9B6A-782BCBD7746B'  [ RunTime:0.0091s ]
SQL: select id, caption, fid from (select * from t_menu_item
            where sys_category = 1 
            union 
            select * from t_menu_item_plus
            where sys_category = 1) m
							where parent_id = '0103' order by show_order  [ RunTime:0.0105s ]
SQL: select enabled from t_user where id = '6C2A09CD-A129-11E4-9B6A-782BCBD7746B'  [ RunTime:0.0092s ]
SQL: select id, caption, fid from (select * from t_menu_item
            where sys_category = 1 
            union 
            select * from t_menu_item_plus
            where sys_category = 1) m
						where parent_id = '02' order by show_order  [ RunTime:0.0118s ]
SQL: select id, caption, fid from (select * from t_menu_item
            where sys_category = 1 
            union 
            select * from t_menu_item_plus
            where sys_category = 1) m
							where parent_id = '0200' order by show_order  [ RunTime:0.0170s ]
SQL: select enabled from t_user where id = '6C2A09CD-A129-11E4-9B6A-782BCBD7746B'  [ RunTime:0.0130s ]
SQL: select count(*) as cnt
            from  t_role_user ru, t_role_permission rp, 
              (select * from t_permission union select * from t_permission_plus) p
            where ru.user_id = '6C2A09CD-A129-11E4-9B6A-782BCBD7746B' and ru.role_id = rp.role_id
              and rp.permission_id = p.id and p.fid = '2027'  [ RunTime:0.0177s ]
SQL: select id, caption, fid from (select * from t_menu_item
            where sys_category = 1 
            union 
            select * from t_menu_item_plus
            where sys_category = 1) m
							where parent_id = '0201' order by show_order  [ RunTime:0.0116s ]
SQL: select enabled from t_user where id = '6C2A09CD-A129-11E4-9B6A-782BCBD7746B'  [ RunTime:0.0086s ]
SQL: select count(*) as cnt
            from  t_role_user ru, t_role_permission rp, 
              (select * from t_permission union select * from t_permission_plus) p
            where ru.user_id = '6C2A09CD-A129-11E4-9B6A-782BCBD7746B' and ru.role_id = rp.role_id
              and rp.permission_id = p.id and p.fid = '2001'  [ RunTime:0.0134s ]
SQL: select id, caption, fid from (select * from t_menu_item
            where sys_category = 1 
            union 
            select * from t_menu_item_plus
            where sys_category = 1) m
							where parent_id = '0202' order by show_order  [ RunTime:0.0103s ]
SQL: select enabled from t_user where id = '6C2A09CD-A129-11E4-9B6A-782BCBD7746B'  [ RunTime:0.0091s ]
SQL: select count(*) as cnt
            from  t_role_user ru, t_role_permission rp, 
              (select * from t_permission union select * from t_permission_plus) p
            where ru.user_id = '6C2A09CD-A129-11E4-9B6A-782BCBD7746B' and ru.role_id = rp.role_id
              and rp.permission_id = p.id and p.fid = '2007'  [ RunTime:0.0149s ]
SQL: select id, caption, fid from (select * from t_menu_item
            where sys_category = 1 
            union 
            select * from t_menu_item_plus
            where sys_category = 1) m
						where parent_id = '03' order by show_order  [ RunTime:0.0118s ]
SQL: select id, caption, fid from (select * from t_menu_item
            where sys_category = 1 
            union 
            select * from t_menu_item_plus
            where sys_category = 1) m
							where parent_id = '0301' order by show_order  [ RunTime:0.0128s ]
SQL: select enabled from t_user where id = '6C2A09CD-A129-11E4-9B6A-782BCBD7746B'  [ RunTime:0.0099s ]
SQL: select count(*) as cnt
            from  t_role_user ru, t_role_permission rp, 
              (select * from t_permission union select * from t_permission_plus) p
            where ru.user_id = '6C2A09CD-A129-11E4-9B6A-782BCBD7746B' and ru.role_id = rp.role_id
              and rp.permission_id = p.id and p.fid = '2003'  [ RunTime:0.0125s ]
SQL: select id, caption, fid from (select * from t_menu_item
            where sys_category = 1 
            union 
            select * from t_menu_item_plus
            where sys_category = 1) m
							where parent_id = '0302' order by show_order  [ RunTime:0.0100s ]
SQL: select enabled from t_user where id = '6C2A09CD-A129-11E4-9B6A-782BCBD7746B'  [ RunTime:0.0092s ]
SQL: select count(*) as cnt
            from  t_role_user ru, t_role_permission rp, 
              (select * from t_permission union select * from t_permission_plus) p
            where ru.user_id = '6C2A09CD-A129-11E4-9B6A-782BCBD7746B' and ru.role_id = rp.role_id
              and rp.permission_id = p.id and p.fid = '2000'  [ RunTime:0.0131s ]
SQL: select id, caption, fid from (select * from t_menu_item
            where sys_category = 1 
            union 
            select * from t_menu_item_plus
            where sys_category = 1) m
							where parent_id = '0303' order by show_order  [ RunTime:0.0104s ]
SQL: select enabled from t_user where id = '6C2A09CD-A129-11E4-9B6A-782BCBD7746B'  [ RunTime:0.0094s ]
SQL: select count(*) as cnt
            from  t_role_user ru, t_role_permission rp, 
              (select * from t_permission union select * from t_permission_plus) p
            where ru.user_id = '6C2A09CD-A129-11E4-9B6A-782BCBD7746B' and ru.role_id = rp.role_id
              and rp.permission_id = p.id and p.fid = '2009'  [ RunTime:0.0132s ]
SQL: select id, caption, fid from (select * from t_menu_item
            where sys_category = 1 
            union 
            select * from t_menu_item_plus
            where sys_category = 1) m
							where parent_id = '0304' order by show_order  [ RunTime:0.0107s ]
SQL: select enabled from t_user where id = '6C2A09CD-A129-11E4-9B6A-782BCBD7746B'  [ RunTime:0.0096s ]
SQL: select count(*) as cnt
            from  t_role_user ru, t_role_permission rp, 
              (select * from t_permission union select * from t_permission_plus) p
            where ru.user_id = '6C2A09CD-A129-11E4-9B6A-782BCBD7746B' and ru.role_id = rp.role_id
              and rp.permission_id = p.id and p.fid = '2010'  [ RunTime:0.0138s ]
SQL: select id, caption, fid from (select * from t_menu_item
            where sys_category = 1 
            union 
            select * from t_menu_item_plus
            where sys_category = 1) m
						where parent_id = '12' order by show_order  [ RunTime:0.0107s ]
SQL: select id, caption, fid from (select * from t_menu_item
            where sys_category = 1 
            union 
            select * from t_menu_item_plus
            where sys_category = 1) m
							where parent_id = '1201' order by show_order  [ RunTime:0.0114s ]
SQL: select enabled from t_user where id = '6C2A09CD-A129-11E4-9B6A-782BCBD7746B'  [ RunTime:0.0091s ]
SQL: select count(*) as cnt
            from  t_role_user ru, t_role_permission rp, 
              (select * from t_permission union select * from t_permission_plus) p
            where ru.user_id = '6C2A09CD-A129-11E4-9B6A-782BCBD7746B' and ru.role_id = rp.role_id
              and rp.permission_id = p.id and p.fid = '2033'  [ RunTime:0.0122s ]
SQL: select id, caption, fid from (select * from t_menu_item
            where sys_category = 1 
            union 
            select * from t_menu_item_plus
            where sys_category = 1) m
							where parent_id = '1202' order by show_order  [ RunTime:0.0108s ]
SQL: select enabled from t_user where id = '6C2A09CD-A129-11E4-9B6A-782BCBD7746B'  [ RunTime:0.0085s ]
SQL: select count(*) as cnt
            from  t_role_user ru, t_role_permission rp, 
              (select * from t_permission union select * from t_permission_plus) p
            where ru.user_id = '6C2A09CD-A129-11E4-9B6A-782BCBD7746B' and ru.role_id = rp.role_id
              and rp.permission_id = p.id and p.fid = '2035'  [ RunTime:0.0122s ]
SQL: select enabled from t_user where id = '6C2A09CD-A129-11E4-9B6A-782BCBD7746B'  [ RunTime:0.0093s ]
SQL: select count(*) as cnt
            from  t_role_user ru, t_role_permission rp, 
              (select * from t_permission union select * from t_permission_plus) p
            where ru.user_id = '6C2A09CD-A129-11E4-9B6A-782BCBD7746B' and ru.role_id = rp.role_id
              and rp.permission_id = p.id and p.fid = '2036'  [ RunTime:0.0124s ]
SQL: select enabled from t_user where id = '6C2A09CD-A129-11E4-9B6A-782BCBD7746B'  [ RunTime:0.0086s ]
SQL: select id, caption, fid from (select * from t_menu_item
            where sys_category = 1 
            union 
            select * from t_menu_item_plus
            where sys_category = 1) m
						where parent_id = '04' order by show_order  [ RunTime:0.0102s ]
SQL: select id, caption, fid from (select * from t_menu_item
            where sys_category = 1 
            union 
            select * from t_menu_item_plus
            where sys_category = 1) m
							where parent_id = '0401' order by show_order  [ RunTime:0.0101s ]
SQL: select enabled from t_user where id = '6C2A09CD-A129-11E4-9B6A-782BCBD7746B'  [ RunTime:0.0087s ]
SQL: select count(*) as cnt
            from  t_role_user ru, t_role_permission rp, 
              (select * from t_permission union select * from t_permission_plus) p
            where ru.user_id = '6C2A09CD-A129-11E4-9B6A-782BCBD7746B' and ru.role_id = rp.role_id
              and rp.permission_id = p.id and p.fid = '2032'  [ RunTime:0.0121s ]
SQL: select id, caption, fid from (select * from t_menu_item
            where sys_category = 1 
            union 
            select * from t_menu_item_plus
            where sys_category = 1) m
							where parent_id = '0402' order by show_order  [ RunTime:0.0102s ]
SQL: select enabled from t_user where id = '6C2A09CD-A129-11E4-9B6A-782BCBD7746B'  [ RunTime:0.0086s ]
SQL: select count(*) as cnt
            from  t_role_user ru, t_role_permission rp, 
              (select * from t_permission union select * from t_permission_plus) p
            where ru.user_id = '6C2A09CD-A129-11E4-9B6A-782BCBD7746B' and ru.role_id = rp.role_id
              and rp.permission_id = p.id and p.fid = '2028'  [ RunTime:0.0122s ]
SQL: select id, caption, fid from (select * from t_menu_item
            where sys_category = 1 
            union 
            select * from t_menu_item_plus
            where sys_category = 1) m
							where parent_id = '0403' order by show_order  [ RunTime:0.0102s ]
SQL: select enabled from t_user where id = '6C2A09CD-A129-11E4-9B6A-782BCBD7746B'  [ RunTime:0.0097s ]
SQL: select count(*) as cnt
            from  t_role_user ru, t_role_permission rp, 
              (select * from t_permission union select * from t_permission_plus) p
            where ru.user_id = '6C2A09CD-A129-11E4-9B6A-782BCBD7746B' and ru.role_id = rp.role_id
              and rp.permission_id = p.id and p.fid = '2002'  [ RunTime:0.0119s ]
SQL: select id, caption, fid from (select * from t_menu_item
            where sys_category = 1 
            union 
            select * from t_menu_item_plus
            where sys_category = 1) m
							where parent_id = '0404' order by show_order  [ RunTime:0.0103s ]
SQL: select enabled from t_user where id = '6C2A09CD-A129-11E4-9B6A-782BCBD7746B'  [ RunTime:0.0086s ]
SQL: select count(*) as cnt
            from  t_role_user ru, t_role_permission rp, 
              (select * from t_permission union select * from t_permission_plus) p
            where ru.user_id = '6C2A09CD-A129-11E4-9B6A-782BCBD7746B' and ru.role_id = rp.role_id
              and rp.permission_id = p.id and p.fid = '2006'  [ RunTime:0.0120s ]
SQL: select id, caption, fid from (select * from t_menu_item
            where sys_category = 1 
            union 
            select * from t_menu_item_plus
            where sys_category = 1) m
						where parent_id = '05' order by show_order  [ RunTime:0.0103s ]
SQL: select id, caption, fid from (select * from t_menu_item
            where sys_category = 1 
            union 
            select * from t_menu_item_plus
            where sys_category = 1) m
							where parent_id = '0501' order by show_order  [ RunTime:0.0097s ]
SQL: select enabled from t_user where id = '6C2A09CD-A129-11E4-9B6A-782BCBD7746B'  [ RunTime:0.0088s ]
SQL: select count(*) as cnt
            from  t_role_user ru, t_role_permission rp, 
              (select * from t_permission union select * from t_permission_plus) p
            where ru.user_id = '6C2A09CD-A129-11E4-9B6A-782BCBD7746B' and ru.role_id = rp.role_id
              and rp.permission_id = p.id and p.fid = '1007'  [ RunTime:0.0120s ]
SQL: select id, caption, fid from (select * from t_menu_item
            where sys_category = 1 
            union 
            select * from t_menu_item_plus
            where sys_category = 1) m
						where parent_id = '06' order by show_order  [ RunTime:0.0097s ]
SQL: select id, caption, fid from (select * from t_menu_item
            where sys_category = 1 
            union 
            select * from t_menu_item_plus
            where sys_category = 1) m
							where parent_id = '0601' order by show_order  [ RunTime:0.0101s ]
SQL: select enabled from t_user where id = '6C2A09CD-A129-11E4-9B6A-782BCBD7746B'  [ RunTime:0.0088s ]
SQL: select count(*) as cnt
            from  t_role_user ru, t_role_permission rp, 
              (select * from t_permission union select * from t_permission_plus) p
            where ru.user_id = '6C2A09CD-A129-11E4-9B6A-782BCBD7746B' and ru.role_id = rp.role_id
              and rp.permission_id = p.id and p.fid = '2004'  [ RunTime:0.0139s ]
SQL: select id, caption, fid from (select * from t_menu_item
            where sys_category = 1 
            union 
            select * from t_menu_item_plus
            where sys_category = 1) m
							where parent_id = '0602' order by show_order  [ RunTime:0.0103s ]
SQL: select enabled from t_user where id = '6C2A09CD-A129-11E4-9B6A-782BCBD7746B'  [ RunTime:0.0088s ]
SQL: select count(*) as cnt
            from  t_role_user ru, t_role_permission rp, 
              (select * from t_permission union select * from t_permission_plus) p
            where ru.user_id = '6C2A09CD-A129-11E4-9B6A-782BCBD7746B' and ru.role_id = rp.role_id
              and rp.permission_id = p.id and p.fid = '2005'  [ RunTime:0.0121s ]
SQL: select id, caption, fid from (select * from t_menu_item
            where sys_category = 1 
            union 
            select * from t_menu_item_plus
            where sys_category = 1) m
							where parent_id = '0603' order by show_order  [ RunTime:0.0105s ]
SQL: select enabled from t_user where id = '6C2A09CD-A129-11E4-9B6A-782BCBD7746B'  [ RunTime:0.0090s ]
SQL: select count(*) as cnt
            from  t_role_user ru, t_role_permission rp, 
              (select * from t_permission union select * from t_permission_plus) p
            where ru.user_id = '6C2A09CD-A129-11E4-9B6A-782BCBD7746B' and ru.role_id = rp.role_id
              and rp.permission_id = p.id and p.fid = '2024'  [ RunTime:0.0121s ]
SQL: select id, caption, fid from (select * from t_menu_item
            where sys_category = 1 
            union 
            select * from t_menu_item_plus
            where sys_category = 1) m
							where parent_id = '0604' order by show_order  [ RunTime:0.0102s ]
SQL: select enabled from t_user where id = '6C2A09CD-A129-11E4-9B6A-782BCBD7746B'  [ RunTime:0.0084s ]
SQL: select count(*) as cnt
            from  t_role_user ru, t_role_permission rp, 
              (select * from t_permission union select * from t_permission_plus) p
            where ru.user_id = '6C2A09CD-A129-11E4-9B6A-782BCBD7746B' and ru.role_id = rp.role_id
              and rp.permission_id = p.id and p.fid = '2025'  [ RunTime:0.0120s ]
SQL: select id, caption, fid from (select * from t_menu_item
            where sys_category = 1 
            union 
            select * from t_menu_item_plus
            where sys_category = 1) m
							where parent_id = '0605' order by show_order  [ RunTime:0.0106s ]
SQL: select enabled from t_user where id = '6C2A09CD-A129-11E4-9B6A-782BCBD7746B'  [ RunTime:0.0094s ]
SQL: select count(*) as cnt
            from  t_role_user ru, t_role_permission rp, 
              (select * from t_permission union select * from t_permission_plus) p
            where ru.user_id = '6C2A09CD-A129-11E4-9B6A-782BCBD7746B' and ru.role_id = rp.role_id
              and rp.permission_id = p.id and p.fid = '2026'  [ RunTime:0.0128s ]
SQL: select id, caption, fid from (select * from t_menu_item
            where sys_category = 1 
            union 
            select * from t_menu_item_plus
            where sys_category = 1) m
						where parent_id = '07' order by show_order  [ RunTime:0.0101s ]
SQL: select id, caption, fid from (select * from t_menu_item
            where sys_category = 1 
            union 
            select * from t_menu_item_plus
            where sys_category = 1) m
							where parent_id = '0700' order by show_order  [ RunTime:0.0103s ]
SQL: select enabled from t_user where id = '6C2A09CD-A129-11E4-9B6A-782BCBD7746B'  [ RunTime:0.0088s ]
SQL: select count(*) as cnt
            from  t_role_user ru, t_role_permission rp, 
              (select * from t_permission union select * from t_permission_plus) p
            where ru.user_id = '6C2A09CD-A129-11E4-9B6A-782BCBD7746B' and ru.role_id = rp.role_id
              and rp.permission_id = p.id and p.fid = '2037'  [ RunTime:0.0124s ]
SQL: select enabled from t_user where id = '6C2A09CD-A129-11E4-9B6A-782BCBD7746B'  [ RunTime:0.0089s ]
SQL: select id, caption, fid from (select * from t_menu_item
            where sys_category = 1 
            union 
            select * from t_menu_item_plus
            where sys_category = 1) m
							where parent_id = '0710' order by show_order  [ RunTime:0.0100s ]
SQL: select enabled from t_user where id = '6C2A09CD-A129-11E4-9B6A-782BCBD7746B'  [ RunTime:0.0092s ]
SQL: select count(*) as cnt
            from  t_role_user ru, t_role_permission rp, 
              (select * from t_permission union select * from t_permission_plus) p
            where ru.user_id = '6C2A09CD-A129-11E4-9B6A-782BCBD7746B' and ru.role_id = rp.role_id
              and rp.permission_id = p.id and p.fid = '2038'  [ RunTime:0.0117s ]
SQL: select enabled from t_user where id = '6C2A09CD-A129-11E4-9B6A-782BCBD7746B'  [ RunTime:0.0082s ]
SQL: select id, caption, fid from (select * from t_menu_item
            where sys_category = 1 
            union 
            select * from t_menu_item_plus
            where sys_category = 1) m
							where parent_id = '0701' order by show_order  [ RunTime:0.0104s ]
SQL: select enabled from t_user where id = '6C2A09CD-A129-11E4-9B6A-782BCBD7746B'  [ RunTime:0.0087s ]
SQL: select count(*) as cnt
            from  t_role_user ru, t_role_permission rp, 
              (select * from t_permission union select * from t_permission_plus) p
            where ru.user_id = '6C2A09CD-A129-11E4-9B6A-782BCBD7746B' and ru.role_id = rp.role_id
              and rp.permission_id = p.id and p.fid = '2012'  [ RunTime:0.0130s ]
SQL: select enabled from t_user where id = '6C2A09CD-A129-11E4-9B6A-782BCBD7746B'  [ RunTime:0.0089s ]
SQL: select count(*) as cnt
            from  t_role_user ru, t_role_permission rp, 
              (select * from t_permission union select * from t_permission_plus) p
            where ru.user_id = '6C2A09CD-A129-11E4-9B6A-782BCBD7746B' and ru.role_id = rp.role_id
              and rp.permission_id = p.id and p.fid = '2013'  [ RunTime:0.0121s ]
SQL: select enabled from t_user where id = '6C2A09CD-A129-11E4-9B6A-782BCBD7746B'  [ RunTime:0.0089s ]
SQL: select count(*) as cnt
            from  t_role_user ru, t_role_permission rp, 
              (select * from t_permission union select * from t_permission_plus) p
            where ru.user_id = '6C2A09CD-A129-11E4-9B6A-782BCBD7746B' and ru.role_id = rp.role_id
              and rp.permission_id = p.id and p.fid = '2014'  [ RunTime:0.0125s ]
SQL: select enabled from t_user where id = '6C2A09CD-A129-11E4-9B6A-782BCBD7746B'  [ RunTime:0.0093s ]
SQL: select count(*) as cnt
            from  t_role_user ru, t_role_permission rp, 
              (select * from t_permission union select * from t_permission_plus) p
            where ru.user_id = '6C2A09CD-A129-11E4-9B6A-782BCBD7746B' and ru.role_id = rp.role_id
              and rp.permission_id = p.id and p.fid = '2015'  [ RunTime:0.0122s ]
SQL: select enabled from t_user where id = '6C2A09CD-A129-11E4-9B6A-782BCBD7746B'  [ RunTime:0.0090s ]
SQL: select id, caption, fid from (select * from t_menu_item
            where sys_category = 1 
            union 
            select * from t_menu_item_plus
            where sys_category = 1) m
							where parent_id = '0702' order by show_order  [ RunTime:0.0109s ]
SQL: select enabled from t_user where id = '6C2A09CD-A129-11E4-9B6A-782BCBD7746B'  [ RunTime:0.0089s ]
SQL: select count(*) as cnt
            from  t_role_user ru, t_role_permission rp, 
              (select * from t_permission union select * from t_permission_plus) p
            where ru.user_id = '6C2A09CD-A129-11E4-9B6A-782BCBD7746B' and ru.role_id = rp.role_id
              and rp.permission_id = p.id and p.fid = '2016'  [ RunTime:0.0123s ]
SQL: select enabled from t_user where id = '6C2A09CD-A129-11E4-9B6A-782BCBD7746B'  [ RunTime:0.0094s ]
SQL: select count(*) as cnt
            from  t_role_user ru, t_role_permission rp, 
              (select * from t_permission union select * from t_permission_plus) p
            where ru.user_id = '6C2A09CD-A129-11E4-9B6A-782BCBD7746B' and ru.role_id = rp.role_id
              and rp.permission_id = p.id and p.fid = '2017'  [ RunTime:0.0119s ]
SQL: select enabled from t_user where id = '6C2A09CD-A129-11E4-9B6A-782BCBD7746B'  [ RunTime:0.0086s ]
SQL: select count(*) as cnt
            from  t_role_user ru, t_role_permission rp, 
              (select * from t_permission union select * from t_permission_plus) p
            where ru.user_id = '6C2A09CD-A129-11E4-9B6A-782BCBD7746B' and ru.role_id = rp.role_id
              and rp.permission_id = p.id and p.fid = '2018'  [ RunTime:0.0131s ]
SQL: select enabled from t_user where id = '6C2A09CD-A129-11E4-9B6A-782BCBD7746B'  [ RunTime:0.0096s ]
SQL: select count(*) as cnt
            from  t_role_user ru, t_role_permission rp, 
              (select * from t_permission union select * from t_permission_plus) p
            where ru.user_id = '6C2A09CD-A129-11E4-9B6A-782BCBD7746B' and ru.role_id = rp.role_id
              and rp.permission_id = p.id and p.fid = '2019'  [ RunTime:0.0116s ]
SQL: select enabled from t_user where id = '6C2A09CD-A129-11E4-9B6A-782BCBD7746B'  [ RunTime:0.0088s ]
SQL: select id, caption, fid from (select * from t_menu_item
            where sys_category = 1 
            union 
            select * from t_menu_item_plus
            where sys_category = 1) m
							where parent_id = '0703' order by show_order  [ RunTime:0.0100s ]
SQL: select enabled from t_user where id = '6C2A09CD-A129-11E4-9B6A-782BCBD7746B'  [ RunTime:0.0089s ]
SQL: select count(*) as cnt
            from  t_role_user ru, t_role_permission rp, 
              (select * from t_permission union select * from t_permission_plus) p
            where ru.user_id = '6C2A09CD-A129-11E4-9B6A-782BCBD7746B' and ru.role_id = rp.role_id
              and rp.permission_id = p.id and p.fid = '2020'  [ RunTime:0.0120s ]
SQL: select enabled from t_user where id = '6C2A09CD-A129-11E4-9B6A-782BCBD7746B'  [ RunTime:0.0088s ]
SQL: select count(*) as cnt
            from  t_role_user ru, t_role_permission rp, 
              (select * from t_permission union select * from t_permission_plus) p
            where ru.user_id = '6C2A09CD-A129-11E4-9B6A-782BCBD7746B' and ru.role_id = rp.role_id
              and rp.permission_id = p.id and p.fid = '2023'  [ RunTime:0.0121s ]
SQL: select enabled from t_user where id = '6C2A09CD-A129-11E4-9B6A-782BCBD7746B'  [ RunTime:0.0087s ]
SQL: select id, caption, fid from (select * from t_menu_item
            where sys_category = 1 
            union 
            select * from t_menu_item_plus
            where sys_category = 1) m
							where parent_id = '0706' order by show_order  [ RunTime:0.0096s ]
SQL: select enabled from t_user where id = '6C2A09CD-A129-11E4-9B6A-782BCBD7746B'  [ RunTime:0.0087s ]
SQL: select count(*) as cnt
            from  t_role_user ru, t_role_permission rp, 
              (select * from t_permission union select * from t_permission_plus) p
            where ru.user_id = '6C2A09CD-A129-11E4-9B6A-782BCBD7746B' and ru.role_id = rp.role_id
              and rp.permission_id = p.id and p.fid = '2021'  [ RunTime:0.0149s ]
SQL: select enabled from t_user where id = '6C2A09CD-A129-11E4-9B6A-782BCBD7746B'  [ RunTime:0.0106s ]
SQL: select count(*) as cnt
            from  t_role_user ru, t_role_permission rp, 
              (select * from t_permission union select * from t_permission_plus) p
            where ru.user_id = '6C2A09CD-A129-11E4-9B6A-782BCBD7746B' and ru.role_id = rp.role_id
              and rp.permission_id = p.id and p.fid = '2022'  [ RunTime:0.0120s ]
SQL: select enabled from t_user where id = '6C2A09CD-A129-11E4-9B6A-782BCBD7746B'  [ RunTime:0.0089s ]
SQL: select id, caption, fid from (select * from t_menu_item
            where sys_category = 1 
            union 
            select * from t_menu_item_plus
            where sys_category = 1) m
						where parent_id = '11' order by show_order  [ RunTime:0.0119s ]
SQL: select id, caption, fid from (select * from t_menu_item
            where sys_category = 1 
            union 
            select * from t_menu_item_plus
            where sys_category = 1) m
							where parent_id = '1101' order by show_order  [ RunTime:0.0096s ]
SQL: select enabled from t_user where id = '6C2A09CD-A129-11E4-9B6A-782BCBD7746B'  [ RunTime:0.0093s ]
SQL: select count(*) as cnt
            from  t_role_user ru, t_role_permission rp, 
              (select * from t_permission union select * from t_permission_plus) p
            where ru.user_id = '6C2A09CD-A129-11E4-9B6A-782BCBD7746B' and ru.role_id = rp.role_id
              and rp.permission_id = p.id and p.fid = '2101'  [ RunTime:0.0120s ]
SQL: select enabled from t_user where id = '6C2A09CD-A129-11E4-9B6A-782BCBD7746B'  [ RunTime:0.0089s ]
SQL: select count(*) as cnt
            from  t_role_user ru, t_role_permission rp, 
              (select * from t_permission union select * from t_permission_plus) p
            where ru.user_id = '6C2A09CD-A129-11E4-9B6A-782BCBD7746B' and ru.role_id = rp.role_id
              and rp.permission_id = p.id and p.fid = '2102'  [ RunTime:0.0125s ]
SQL: select enabled from t_user where id = '6C2A09CD-A129-11E4-9B6A-782BCBD7746B'  [ RunTime:0.0089s ]
SQL: select count(*) as cnt
            from  t_role_user ru, t_role_permission rp, 
              (select * from t_permission union select * from t_permission_plus) p
            where ru.user_id = '6C2A09CD-A129-11E4-9B6A-782BCBD7746B' and ru.role_id = rp.role_id
              and rp.permission_id = p.id and p.fid = '2103'  [ RunTime:0.0121s ]
SQL: select enabled from t_user where id = '6C2A09CD-A129-11E4-9B6A-782BCBD7746B'  [ RunTime:0.0089s ]
SQL: select id, caption, fid from (select * from t_menu_item
            where sys_category = 1 
            union 
            select * from t_menu_item_plus
            where sys_category = 1) m
						where parent_id = '08' order by show_order  [ RunTime:0.0101s ]
SQL: select id, caption, fid from (select * from t_menu_item
            where sys_category = 1 
            union 
            select * from t_menu_item_plus
            where sys_category = 1) m
							where parent_id = '0801' order by show_order  [ RunTime:0.0102s ]
SQL: select enabled from t_user where id = '6C2A09CD-A129-11E4-9B6A-782BCBD7746B'  [ RunTime:0.0088s ]
SQL: select count(*) as cnt
            from  t_role_user ru, t_role_permission rp, 
              (select * from t_permission union select * from t_permission_plus) p
            where ru.user_id = '6C2A09CD-A129-11E4-9B6A-782BCBD7746B' and ru.role_id = rp.role_id
              and rp.permission_id = p.id and p.fid = '1001'  [ RunTime:0.0117s ]
SQL: select enabled from t_user where id = '6C2A09CD-A129-11E4-9B6A-782BCBD7746B'  [ RunTime:0.0088s ]
SQL: select count(*) as cnt
            from  t_role_user ru, t_role_permission rp, 
              (select * from t_permission union select * from t_permission_plus) p
            where ru.user_id = '6C2A09CD-A129-11E4-9B6A-782BCBD7746B' and ru.role_id = rp.role_id
              and rp.permission_id = p.id and p.fid = '1002'  [ RunTime:0.0122s ]
SQL: select enabled from t_user where id = '6C2A09CD-A129-11E4-9B6A-782BCBD7746B'  [ RunTime:0.0094s ]
SQL: select count(*) as cnt
            from  t_role_user ru, t_role_permission rp, 
              (select * from t_permission union select * from t_permission_plus) p
            where ru.user_id = '6C2A09CD-A129-11E4-9B6A-782BCBD7746B' and ru.role_id = rp.role_id
              and rp.permission_id = p.id and p.fid = '2029'  [ RunTime:0.0121s ]
SQL: select enabled from t_user where id = '6C2A09CD-A129-11E4-9B6A-782BCBD7746B'  [ RunTime:0.0091s ]
SQL: select count(*) as cnt
            from  t_role_user ru, t_role_permission rp, 
              (select * from t_permission union select * from t_permission_plus) p
            where ru.user_id = '6C2A09CD-A129-11E4-9B6A-782BCBD7746B' and ru.role_id = rp.role_id
              and rp.permission_id = p.id and p.fid = '2031'  [ RunTime:0.0123s ]
SQL: select enabled from t_user where id = '6C2A09CD-A129-11E4-9B6A-782BCBD7746B'  [ RunTime:0.0092s ]
SQL: select id, caption, fid from (select * from t_menu_item
            where sys_category = 1 
            union 
            select * from t_menu_item_plus
            where sys_category = 1) m
							where parent_id = '0803' order by show_order  [ RunTime:0.0102s ]
SQL: select enabled from t_user where id = '6C2A09CD-A129-11E4-9B6A-782BCBD7746B'  [ RunTime:0.0093s ]
SQL: select count(*) as cnt
            from  t_role_user ru, t_role_permission rp, 
              (select * from t_permission union select * from t_permission_plus) p
            where ru.user_id = '6C2A09CD-A129-11E4-9B6A-782BCBD7746B' and ru.role_id = rp.role_id
              and rp.permission_id = p.id and p.fid = '1003'  [ RunTime:0.0125s ]
SQL: select id, caption, fid from (select * from t_menu_item
            where sys_category = 1 
            union 
            select * from t_menu_item_plus
            where sys_category = 1) m
							where parent_id = '0804' order by show_order  [ RunTime:0.0100s ]
SQL: select enabled from t_user where id = '6C2A09CD-A129-11E4-9B6A-782BCBD7746B'  [ RunTime:0.0091s ]
SQL: select count(*) as cnt
            from  t_role_user ru, t_role_permission rp, 
              (select * from t_permission union select * from t_permission_plus) p
            where ru.user_id = '6C2A09CD-A129-11E4-9B6A-782BCBD7746B' and ru.role_id = rp.role_id
              and rp.permission_id = p.id and p.fid = '1004'  [ RunTime:0.0126s ]
SQL: select id, caption, fid from (select * from t_menu_item
            where sys_category = 1 
            union 
            select * from t_menu_item_plus
            where sys_category = 1) m
							where parent_id = '0805' order by show_order  [ RunTime:0.0098s ]
SQL: select enabled from t_user where id = '6C2A09CD-A129-11E4-9B6A-782BCBD7746B'  [ RunTime:0.0086s ]
SQL: select count(*) as cnt
            from  t_role_user ru, t_role_permission rp, 
              (select * from t_permission union select * from t_permission_plus) p
            where ru.user_id = '6C2A09CD-A129-11E4-9B6A-782BCBD7746B' and ru.role_id = rp.role_id
              and rp.permission_id = p.id and p.fid = '2034'  [ RunTime:0.0122s ]
SQL: select id, caption, fid from (select * from t_menu_item
            where sys_category = 1 
            union 
            select * from t_menu_item_plus
            where sys_category = 1) m
						where parent_id = '09' order by show_order  [ RunTime:0.0108s ]
SQL: select id, caption, fid from (select * from t_menu_item
            where sys_category = 1 
            union 
            select * from t_menu_item_plus
            where sys_category = 1) m
							where parent_id = '0901' order by show_order  [ RunTime:0.0107s ]
SQL: select enabled from t_user where id = '6C2A09CD-A129-11E4-9B6A-782BCBD7746B'  [ RunTime:0.0087s ]
SQL: select count(*) as cnt
            from  t_role_user ru, t_role_permission rp, 
              (select * from t_permission union select * from t_permission_plus) p
            where ru.user_id = '6C2A09CD-A129-11E4-9B6A-782BCBD7746B' and ru.role_id = rp.role_id
              and rp.permission_id = p.id and p.fid = '-8999'  [ RunTime:0.0124s ]
SQL: select id, caption, fid from (select * from t_menu_item
            where sys_category = 1 
            union 
            select * from t_menu_item_plus
            where sys_category = 1) m
							where parent_id = '0902' order by show_order  [ RunTime:0.0111s ]
SQL: select id, caption, fid from (select * from t_menu_item
            where sys_category = 1 
            union 
            select * from t_menu_item_plus
            where sys_category = 1) m
							where parent_id = '0903' order by show_order  [ RunTime:0.0103s ]
SQL: select enabled from t_user where id = '6C2A09CD-A129-11E4-9B6A-782BCBD7746B'  [ RunTime:0.0108s ]
SQL: select count(*) as cnt
            from  t_role_user ru, t_role_permission rp, 
              (select * from t_permission union select * from t_permission_plus) p
            where ru.user_id = '6C2A09CD-A129-11E4-9B6A-782BCBD7746B' and ru.role_id = rp.role_id
              and rp.permission_id = p.id and p.fid = '-8997'  [ RunTime:0.0139s ]
SQL: select id, caption, fid from (select * from t_menu_item
            where sys_category = 1 
            union 
            select * from t_menu_item_plus
            where sys_category = 1) m
							where parent_id = '0904' order by show_order  [ RunTime:0.0141s ]
SQL: select enabled from t_user where id = '6C2A09CD-A129-11E4-9B6A-782BCBD7746B'  [ RunTime:0.0089s ]
SQL: select count(*) as cnt
            from  t_role_user ru, t_role_permission rp, 
              (select * from t_permission union select * from t_permission_plus) p
            where ru.user_id = '6C2A09CD-A129-11E4-9B6A-782BCBD7746B' and ru.role_id = rp.role_id
              and rp.permission_id = p.id and p.fid = '2008'  [ RunTime:0.0132s ]
SQL: select id, caption, fid from (select * from t_menu_item
            where sys_category = 1 
            union 
            select * from t_menu_item_plus
            where sys_category = 1) m
							where parent_id = '0905' order by show_order  [ RunTime:0.0100s ]
SQL: select enabled from t_user where id = '6C2A09CD-A129-11E4-9B6A-782BCBD7746B'  [ RunTime:0.0085s ]
SQL: select count(*) as cnt
            from  t_role_user ru, t_role_permission rp, 
              (select * from t_permission union select * from t_permission_plus) p
            where ru.user_id = '6C2A09CD-A129-11E4-9B6A-782BCBD7746B' and ru.role_id = rp.role_id
              and rp.permission_id = p.id and p.fid = '-7996'  [ RunTime:0.0117s ]
SQL: select enabled from t_user where id = '6C2A09CD-A129-11E4-9B6A-782BCBD7746B'  [ RunTime:0.0083s ]
SQL: select count(*) as cnt
            from  t_role_user ru, t_role_permission rp, 
              (select * from t_permission union select * from t_permission_plus) p
            where ru.user_id = '6C2A09CD-A129-11E4-9B6A-782BCBD7746B' and ru.role_id = rp.role_id
              and rp.permission_id = p.id and p.fid = '-7999'  [ RunTime:0.0119s ]
SQL: select enabled from t_user where id = '6C2A09CD-A129-11E4-9B6A-782BCBD7746B'  [ RunTime:0.0085s ]
SQL: select count(*) as cnt
            from  t_role_user ru, t_role_permission rp, 
              (select * from t_permission union select * from t_permission_plus) p
            where ru.user_id = '6C2A09CD-A129-11E4-9B6A-782BCBD7746B' and ru.role_id = rp.role_id
              and rp.permission_id = p.id and p.fid = '-7997'  [ RunTime:0.0126s ]
SQL: select enabled from t_user where id = '6C2A09CD-A129-11E4-9B6A-782BCBD7746B'  [ RunTime:0.0091s ]
SQL: select count(*) as cnt
            from  t_role_user ru, t_role_permission rp, 
              (select * from t_permission union select * from t_permission_plus) p
            where ru.user_id = '6C2A09CD-A129-11E4-9B6A-782BCBD7746B' and ru.role_id = rp.role_id
              and rp.permission_id = p.id and p.fid = '-7995'  [ RunTime:0.0120s ]
SQL: select enabled from t_user where id = '6C2A09CD-A129-11E4-9B6A-782BCBD7746B'  [ RunTime:0.0085s ]
SQL: select count(*) as cnt
            from  t_role_user ru, t_role_permission rp, 
              (select * from t_permission union select * from t_permission_plus) p
            where ru.user_id = '6C2A09CD-A129-11E4-9B6A-782BCBD7746B' and ru.role_id = rp.role_id
              and rp.permission_id = p.id and p.fid = '-7994'  [ RunTime:0.0117s ]
SQL: select enabled from t_user where id = '6C2A09CD-A129-11E4-9B6A-782BCBD7746B'  [ RunTime:0.0085s ]
SQL: select count(*) as cnt
            from  t_role_user ru, t_role_permission rp, 
              (select * from t_permission union select * from t_permission_plus) p
            where ru.user_id = '6C2A09CD-A129-11E4-9B6A-782BCBD7746B' and ru.role_id = rp.role_id
              and rp.permission_id = p.id and p.fid = '-6000'  [ RunTime:0.0120s ]
SQL: select enabled from t_user where id = '6C2A09CD-A129-11E4-9B6A-782BCBD7746B'  [ RunTime:0.0087s ]
SQL: select count(*) as cnt
            from  t_role_user ru, t_role_permission rp, 
              (select * from t_permission union select * from t_permission_plus) p
            where ru.user_id = '6C2A09CD-A129-11E4-9B6A-782BCBD7746B' and ru.role_id = rp.role_id
              and rp.permission_id = p.id and p.fid = '-6001'  [ RunTime:0.0120s ]
SQL: select enabled from t_user where id = '6C2A09CD-A129-11E4-9B6A-782BCBD7746B'  [ RunTime:0.0086s ]
SQL: select id, caption, fid from (select * from t_menu_item
            where sys_category = 1 
            union 
            select * from t_menu_item_plus
            where sys_category = 1) m
						where parent_id = '10' order by show_order  [ RunTime:0.0095s ]
SQL: select id, caption, fid from (select * from t_menu_item
            where sys_category = 1 
            union 
            select * from t_menu_item_plus
            where sys_category = 1) m
							where parent_id = '1001' order by show_order  [ RunTime:0.0102s ]
SQL: select enabled from t_user where id = '6C2A09CD-A129-11E4-9B6A-782BCBD7746B'  [ RunTime:0.0085s ]
SQL: select id, caption, fid from (select * from t_menu_item
            where sys_category = 1 
            union 
            select * from t_menu_item_plus
            where sys_category = 1) m
							where parent_id = '1003' order by show_order  [ RunTime:0.0098s ]
SQL: select enabled from t_user where id = '6C2A09CD-A129-11E4-9B6A-782BCBD7746B'  [ RunTime:0.0091s ]

[ 2022-05-18T09:02:23+08:00 ] 192.168.3.31 /Home/SaleContract/scbillList?_dc=1652835741512
INFO: [ app_init ] --START--
INFO: Run Behavior\BuildLiteBehavior [ RunTime:0.000009s ]
INFO: [ app_init ] --END-- [ RunTime:0.000284s ]
INFO: [ app_begin ] --START--
INFO: Run Behavior\ReadHtmlCacheBehavior [ RunTime:0.000060s ]
INFO: [ app_begin ] --END-- [ RunTime:0.000088s ]
SQL: select enabled from t_user where id = '6C2A09CD-A129-11E4-9B6A-782BCBD7746B'  [ RunTime:0.0117s ]
SQL: select count(*) as cnt
            from  t_role_user ru, t_role_permission rp, 
              (select * from t_permission union select * from t_permission_plus) p
            where ru.user_id = '6C2A09CD-A129-11E4-9B6A-782BCBD7746B' and ru.role_id = rp.role_id
              and rp.permission_id = p.id and p.fid = '2032'  [ RunTime:0.0160s ]
SQL: select enabled from t_user where id = '6C2A09CD-A129-11E4-9B6A-782BCBD7746B'  [ RunTime:0.0107s ]
SQL: select count(*) as cnt from t_user where id = '6C2A09CD-A129-11E4-9B6A-782BCBD7746B'  [ RunTime:0.0106s ]
SQL: select data_org from t_user where id = '6C2A09CD-A129-11E4-9B6A-782BCBD7746B'  [ RunTime:0.0097s ]
SQL: select distinct rpd.data_org
            from t_role_permission rp, t_role_permission_dataorg rpd,
              t_role_user ru
            where ru.user_id = '6C2A09CD-A129-11E4-9B6A-782BCBD7746B' and ru.role_id = rp.role_id
              and rp.role_id = rpd.role_id and rp.permission_id = rpd.permission_id
              and rpd.permission_id = '2032'  [ RunTime:0.0121s ]
SQL: select s.id, s.ref, s.bill_status, c.name as customer_name,
					u.name as input_user_name, g.full_name as org_name,
					s.begin_dt, s.end_dt, s.goods_money, s.tax, s.money_with_tax,
					s.deal_date, s.deal_address, s.bill_memo, s.discount,
					u2.name as biz_user_name, s.biz_dt, s.confirm_user_id, s.confirm_date,
					s.date_created
				from t_sc_bill s, t_customer c, t_user u, t_org g, t_user u2
				where (s.customer_id = c.id) and (s.input_user_id = u.id) 
					and (s.org_id = g.id) and (s.biz_user_id = u2.id)  and  ( s.data_org is null or s.data_org = ''  or left(s.data_org, 2) = '01'  )  order by s.ref desc
				  limit 0 , 20 [ RunTime:0.0147s ]
SQL: select data_org from t_user where id = '6C2A09CD-A129-11E4-9B6A-782BCBD7746B'  [ RunTime:0.0094s ]
SQL: select distinct rpd.data_org
            from t_role_permission rp, t_role_permission_dataorg rpd,
              t_role_user ru
            where ru.user_id = '6C2A09CD-A129-11E4-9B6A-782BCBD7746B' and ru.role_id = rp.role_id
              and rp.role_id = rpd.role_id and rp.permission_id = rpd.permission_id
              and rpd.permission_id = '2032'  [ RunTime:0.0109s ]
SQL: select count(*) as cnt
				from t_sc_bill s, t_customer c, t_user u, t_org g, t_user u2
				where (s.customer_id = c.id) and (s.input_user_id = u.id)
					and (s.org_id = g.id) and (s.biz_user_id = u2.id)  and  ( s.data_org is null or s.data_org = ''  or left(s.data_org, 2) = '01'  )  [ RunTime:0.0097s ]

