[ 2022-05-27T10:35:46+08:00 ] 192.168.3.31 /Home/User/login
INFO: [ app_init ] --START--
INFO: Run Behavior\BuildLiteBehavior [ RunTime:0.000014s ]
INFO: [ app_init ] --END-- [ RunTime:0.001008s ]
INFO: [ app_begin ] --START--
INFO: Run Behavior\ReadHtmlCacheBehavior [ RunTime:0.000290s ]
INFO: [ app_begin ] --END-- [ RunTime:0.000338s ]
NOTIC: [8192] addslashes(): Passing null to parameter #1 ($string) of type string is deprecated /home/vagrant/Code/crm8000/web/ThinkPHP/Library/Think/Db/Driver.class.php 第 1015 行.
SQL: select value from t_config
            where id = '9002-01' and company_id = ''  [ RunTime:0.0102s ]
SQL: select value from t_config
              where id = '9002-01'  [ RunTime:0.0082s ]
NOTIC: [8192] addslashes(): Passing null to parameter #1 ($string) of type string is deprecated /home/vagrant/Code/crm8000/web/ThinkPHP/Library/Think/Db/Driver.class.php 第 1015 行.
SQL: select name from t_user where id = ''  [ RunTime:0.0091s ]
NOTIC: [8192] addslashes(): Passing null to parameter #1 ($string) of type string is deprecated /home/vagrant/Code/crm8000/web/ThinkPHP/Library/Think/Db/Driver.class.php 第 1015 行.
SQL: select value from t_config
            where id = '9002-01' and company_id = ''  [ RunTime:0.0086s ]
SQL: select value from t_config
              where id = '9002-01'  [ RunTime:0.0083s ]
NOTIC: [2] Undefined array key "IS_DEMO" /home/vagrant/Code/crm8000/web/Application/Home/Service/PSIBaseService.class.php 第 22 行.
INFO: [ view_parse ] --START--
INFO: [ template_filter ] --START--
INFO: Run Behavior\ContentReplaceBehavior [ RunTime:0.000029s ]
INFO: [ template_filter ] --END-- [ RunTime:0.000061s ]
INFO: Run Behavior\ParseTemplateBehavior [ RunTime:0.013946s ]
INFO: [ view_parse ] --END-- [ RunTime:0.014016s ]
INFO: [ view_filter ] --START--
INFO: Run Behavior\WriteHtmlCacheBehavior [ RunTime:0.000519s ]
INFO: [ view_filter ] --END-- [ RunTime:0.000551s ]
INFO: [ app_end ] --START--
INFO: Run Behavior\ShowPageTraceBehavior [ RunTime:0.000311s ]
INFO: [ app_end ] --END-- [ RunTime:0.000344s ]

