[ 2022-05-06T00:19:15+08:00 ] 192.168.20.1 /favicon.ico
INFO: [ app_init ] --START--
INFO: Run Behavior\BuildLiteBehavior [ RunTime:0.000010s ]
INFO: [ app_init ] --END-- [ RunTime:0.000061s ]
ERR: 无法加载模块:Favicon

[ 2022-05-06T14:16:04+08:00 ] 192.168.20.1 /Public/Scripts/PSI/AFX/BaseOneGridMainForm.js?dt=1651817764
INFO: [ app_init ] --START--
INFO: Run Behavior\BuildLiteBehavior [ RunTime:0.000010s ]
INFO: [ app_init ] --END-- [ RunTime:0.000441s ]
ERR: 无法加载模块:Public

[ 2022-05-06T14:17:00+08:00 ] 192.168.20.1 /favicon.ico
INFO: [ app_init ] --START--
INFO: Run Behavior\BuildLiteBehavior [ RunTime:0.000011s ]
INFO: [ app_init ] --END-- [ RunTime:0.000294s ]
ERR: 无法加载模块:Favicon

[ 2022-05-06T19:54:49+08:00 ] 192.168.20.1 /Public/Scripts/PSI/AFX/BaseOneGridMainForm.js?dt=1651838089
INFO: [ app_init ] --START--
INFO: Run Behavior\BuildLiteBehavior [ RunTime:0.000015s ]
INFO: [ app_init ] --END-- [ RunTime:0.000262s ]
ERR: 无法加载模块:Public

[ 2022-05-06T19:55:05+08:00 ] 192.168.20.1 /Public/Scripts/PSI/AFX/BaseOneGridMainForm.js?dt=1651838105
INFO: [ app_init ] --START--
INFO: Run Behavior\BuildLiteBehavior [ RunTime:0.000011s ]
INFO: [ app_init ] --END-- [ RunTime:0.000076s ]
ERR: 无法加载模块:Public

[ 2022-05-06T19:55:22+08:00 ] 192.168.20.1 /Public/Scripts/PSI/AFX/BaseOneGridMainForm.js?dt=1651838121
INFO: [ app_init ] --START--
INFO: Run Behavior\BuildLiteBehavior [ RunTime:0.000013s ]
INFO: [ app_init ] --END-- [ RunTime:0.000080s ]
ERR: 无法加载模块:Public

[ 2022-05-06T19:58:42+08:00 ] 192.168.20.1 /Public/Scripts/PSI/AFX/BaseOneGridMainForm.js?dt=1651838322
INFO: [ app_init ] --START--
INFO: Run Behavior\BuildLiteBehavior [ RunTime:0.000009s ]
INFO: [ app_init ] --END-- [ RunTime:0.000051s ]
ERR: 无法加载模块:Public

[ 2022-05-06T19:59:05+08:00 ] 192.168.20.1 /Public/Scripts/PSI/AFX/BaseOneGridMainForm.js?dt=1651838345
INFO: [ app_init ] --START--
INFO: Run Behavior\BuildLiteBehavior [ RunTime:0.000012s ]
INFO: [ app_init ] --END-- [ RunTime:0.000068s ]
ERR: 无法加载模块:Public

[ 2022-05-06T20:00:23+08:00 ] 192.168.20.1 /Public/Scripts/PSI/AFX/BaseOneGridMainForm.js?dt=1651838423
INFO: [ app_init ] --START--
INFO: Run Behavior\BuildLiteBehavior [ RunTime:0.000013s ]
INFO: [ app_init ] --END-- [ RunTime:0.000072s ]
ERR: 无法加载模块:Public

